
=== Mon Oct 28 18:52:43 2019

Packages were changed.
Update Mode: mergeDefaultDependencies

The following packages were added:
  com.unity.package-manager-ui@2.2.0
  com.unity.ext.nunit@1.0.0
  com.unity.test-framework@1.0.13
  com.unity.ide.vscode@1.1.0
  com.unity.ide.rider@1.1.0
  com.unity.ugui@1.0.0
  com.unity.modules.androidjni@1.0.0
The following packages were updated:
  com.unity.collab-proxy from version 1.2.9 to 1.2.16
  com.unity.textmeshpro from version 2.0.0 to 2.0.1
  com.unity.timeline from version 0.0.0-builtin to 1.1.0

=== Sun Nov  3 15:39:43 2019

Packages were changed.
Update Mode: updateDependencies

The following packages were updated:
  com.unity.ide.vscode from version 1.1.0 to 1.1.2
  com.unity.test-framework from version 1.0.13 to 1.1.3
  com.unity.timeline from version 1.1.0 to 1.2.4
The following packages were removed:
  com.unity.package-manager-ui@2.2.0

=== Thu Nov  7 13:32:41 2019

Packages were changed.
Update Mode: mergeDefaultDependencies

The following packages were added:
  com.unity.ads@2.3.1
  com.unity.analytics@3.2.2
  com.unity.package-manager-ui@2.0.3
  com.unity.purchasing@2.0.3

=== Thu Nov  7 14:33:12 2019

Packages were changed.
Update Mode: resetToDefaultDependencies

The following packages were added:
  com.unity.xr.management@3.0.3
The following packages were removed:
  com.unity.ads@2.3.1
  com.unity.analytics@3.2.2
  com.unity.package-manager-ui@2.0.3
  com.unity.purchasing@2.0.3

=== Fri Nov 22 19:09:54 2019

Packages were changed.
Update Mode: mergeDefaultDependencies

The following packages were added:
  com.unity.ads@2.3.1
  com.unity.analytics@3.2.2
  com.unity.package-manager-ui@2.0.3
  com.unity.purchasing@2.0.3

=== Fri Nov 22 19:28:26 2019

Packages were changed.
Update Mode: resetToDefaultDependencies

The following packages were removed:
  com.unity.ads@2.3.1
  com.unity.analytics@3.2.2
  com.unity.package-manager-ui@2.0.3
  com.unity.purchasing@2.0.3

=== Wed Nov 27 16:21:02 2019

Packages were changed.
Update Mode: mergeDefaultDependencies

The following packages were added:
  com.unity.ads@2.3.1
  com.unity.analytics@3.2.2
  com.unity.package-manager-ui@2.0.3
  com.unity.purchasing@2.0.3

=== Wed Nov 27 16:26:49 2019

Packages were changed.
Update Mode: resetToDefaultDependencies

The following packages were removed:
  com.unity.ads@2.3.1
  com.unity.analytics@3.2.2
  com.unity.package-manager-ui@2.0.3
  com.unity.purchasing@2.0.3
